c:\users\administrator\desktop\gobang\gobang\gobang\debug\vc140.pdb
c:\users\administrator\desktop\gobang\gobang\gobang\debug\vc140.idb
c:\users\administrator\desktop\gobang\gobang\gobang\debug\arithmetic.obj
c:\users\administrator\desktop\gobang\gobang\gobang\debug\client.obj
c:\users\administrator\desktop\gobang\gobang\gobang\debug\handle_tasks.obj
c:\users\administrator\desktop\gobang\gobang\gobang\debug\image_res.obj
c:\users\administrator\desktop\gobang\gobang\gobang\debug\main.obj
c:\users\administrator\desktop\gobang\gobang\gobang\debug\precompiled_header.obj
c:\users\administrator\desktop\gobang\gobang\gobang\debug\thread.obj
c:\users\administrator\desktop\gobang\gobang\debug\gobang.ilk
c:\users\administrator\desktop\gobang\gobang\debug\gobang.exe
c:\users\administrator\desktop\gobang\gobang\debug\gobang.pdb
c:\users\administrator\desktop\gobang\gobang\gobang\debug\gobang.res
c:\users\administrator\desktop\gobang\gobang\gobang\debug\gobang.tlog\cl.command.1.tlog
c:\users\administrator\desktop\gobang\gobang\gobang\debug\gobang.tlog\cl.read.1.tlog
c:\users\administrator\desktop\gobang\gobang\gobang\debug\gobang.tlog\cl.write.1.tlog
c:\users\administrator\desktop\gobang\gobang\gobang\debug\gobang.tlog\link.command.1.tlog
c:\users\administrator\desktop\gobang\gobang\gobang\debug\gobang.tlog\link.read.1.tlog
c:\users\administrator\desktop\gobang\gobang\gobang\debug\gobang.tlog\link.write.1.tlog
c:\users\administrator\desktop\gobang\gobang\gobang\debug\gobang.tlog\rc.command.1.tlog
c:\users\administrator\desktop\gobang\gobang\gobang\debug\gobang.tlog\rc.read.1.tlog
c:\users\administrator\desktop\gobang\gobang\gobang\debug\gobang.tlog\rc.write.1.tlog
